<?xml version="1.0" encoding="UTF-8"?>
<testng-results ignored="0" total="4" passed="4" failed="0" skipped="0">
  <reporter-output>
  </reporter-output>
  <suite started-at="2023-02-22T23:50:07 IST" name="Suite002" finished-at="2023-02-22T23:51:06 IST" duration-ms="59043">
    <groups>
    </groups>
    <test started-at="2023-02-22T23:50:07 IST" name="ChromeTest" finished-at="2023-02-22T23:50:40 IST" duration-ms="32784">
      <class name="TestNG.Flipkart_AddToCart">
        <test-method is-config="true" signature="launchTheBrowser(java.lang.String)[pri:0, instance:TestNG.Flipkart_AddToCart@13e39c73]" started-at="2023-02-22T23:50:07 IST" name="launchTheBrowser" finished-at="2023-02-22T23:50:09 IST" duration-ms="1610" status="PASS">
          <params>
            <param index="0">
              <value>
                <![CDATA[Chrome]]>
              </value>
            </param>
          </params>
          <reporter-output>
          </reporter-output>
        </test-method> <!-- launchTheBrowser -->
        <test-method is-config="true" signature="createPOMObject()[pri:0, instance:TestNG.Flipkart_AddToCart@13e39c73]" started-at="2023-02-22T23:50:28 IST" name="createPOMObject" finished-at="2023-02-22T23:50:34 IST" duration-ms="5485" status="PASS">
          <reporter-output>
          </reporter-output>
        </test-method> <!-- createPOMObject -->
        <test-method is-config="true" signature="searchTheProduct()[pri:0, instance:TestNG.Flipkart_AddToCart@13e39c73]" started-at="2023-02-22T23:50:34 IST" name="searchTheProduct" finished-at="2023-02-22T23:50:34 IST" duration-ms="182" status="PASS">
          <reporter-output>
          </reporter-output>
        </test-method> <!-- searchTheProduct -->
        <test-method signature="toAddToCartProduct()[pri:0, instance:TestNG.Flipkart_AddToCart@13e39c73]" started-at="2023-02-22T23:50:34 IST" name="toAddToCartProduct" finished-at="2023-02-22T23:50:39 IST" duration-ms="5405" status="PASS">
          <reporter-output>
          </reporter-output>
        </test-method> <!-- toAddToCartProduct -->
        <test-method is-config="true" signature="afterMethod()[pri:0, instance:TestNG.Flipkart_AddToCart@13e39c73]" started-at="2023-02-22T23:50:40 IST" name="afterMethod" finished-at="2023-02-22T23:50:40 IST" duration-ms="66" status="PASS">
          <reporter-output>
          </reporter-output>
        </test-method> <!-- afterMethod -->
        <test-method is-config="true" signature="clearPOMObject()[pri:0, instance:TestNG.Flipkart_AddToCart@13e39c73]" started-at="2023-02-22T23:50:40 IST" name="clearPOMObject" finished-at="2023-02-22T23:50:40 IST" duration-ms="0" status="PASS">
          <reporter-output>
          </reporter-output>
        </test-method> <!-- clearPOMObject -->
        <test-method is-config="true" signature="closeTheBrowser()[pri:0, instance:TestNG.Flipkart_AddToCart@13e39c73]" started-at="2023-02-22T23:50:40 IST" name="closeTheBrowser" finished-at="2023-02-22T23:50:40 IST" duration-ms="288" status="PASS">
          <reporter-output>
          </reporter-output>
        </test-method> <!-- closeTheBrowser -->
      </class> <!-- TestNG.Flipkart_AddToCart -->
      <class name="TestNG.TestNGClass_Flipkart_BuyNow">
        <test-method is-config="true" signature="launchTheBrowser(java.lang.String)[pri:0, instance:TestNG.TestNGClass_Flipkart_BuyNow@e056f20]" started-at="2023-02-22T23:50:09 IST" name="launchTheBrowser" finished-at="2023-02-22T23:50:10 IST" duration-ms="782" status="PASS">
          <params>
            <param index="0">
              <value>
                <![CDATA[Chrome]]>
              </value>
            </param>
          </params>
          <reporter-output>
          </reporter-output>
        </test-method> <!-- launchTheBrowser -->
        <test-method is-config="true" signature="createPOMObject()[pri:0, instance:TestNG.TestNGClass_Flipkart_BuyNow@e056f20]" started-at="2023-02-22T23:50:10 IST" name="createPOMObject" finished-at="2023-02-22T23:50:23 IST" duration-ms="13556" status="PASS">
          <reporter-output>
          </reporter-output>
        </test-method> <!-- createPOMObject -->
        <test-method is-config="true" signature="searchTheProduct()[pri:0, instance:TestNG.TestNGClass_Flipkart_BuyNow@e056f20]" started-at="2023-02-22T23:50:23 IST" name="searchTheProduct" finished-at="2023-02-22T23:50:24 IST" duration-ms="191" status="PASS">
          <reporter-output>
          </reporter-output>
        </test-method> <!-- searchTheProduct -->
        <test-method signature="toBuyTheProduct()[pri:0, instance:TestNG.TestNGClass_Flipkart_BuyNow@e056f20]" started-at="2023-02-22T23:50:24 IST" name="toBuyTheProduct" finished-at="2023-02-22T23:50:28 IST" duration-ms="4738" status="PASS">
          <reporter-output>
          </reporter-output>
        </test-method> <!-- toBuyTheProduct -->
        <test-method is-config="true" signature="afterMethod()[pri:0, instance:TestNG.TestNGClass_Flipkart_BuyNow@e056f20]" started-at="2023-02-22T23:50:28 IST" name="afterMethod" finished-at="2023-02-22T23:50:28 IST" duration-ms="64" status="PASS">
          <reporter-output>
          </reporter-output>
        </test-method> <!-- afterMethod -->
        <test-method is-config="true" signature="clearPOMObject()[pri:0, instance:TestNG.TestNGClass_Flipkart_BuyNow@e056f20]" started-at="2023-02-22T23:50:28 IST" name="clearPOMObject" finished-at="2023-02-22T23:50:28 IST" duration-ms="1" status="PASS">
          <reporter-output>
          </reporter-output>
        </test-method> <!-- clearPOMObject -->
        <test-method is-config="true" signature="closeTheBrowser()[pri:0, instance:TestNG.TestNGClass_Flipkart_BuyNow@e056f20]" started-at="2023-02-22T23:50:40 IST" name="closeTheBrowser" finished-at="2023-02-22T23:50:40 IST" duration-ms="374" status="PASS">
          <reporter-output>
          </reporter-output>
        </test-method> <!-- closeTheBrowser -->
      </class> <!-- TestNG.TestNGClass_Flipkart_BuyNow -->
    </test> <!-- ChromeTest -->
    <test started-at="2023-02-22T23:50:40 IST" name="EdgeTest" finished-at="2023-02-22T23:51:06 IST" duration-ms="26223">
      <class name="TestNG.Flipkart_AddToCart">
        <test-method is-config="true" signature="launchTheBrowser(java.lang.String)[pri:0, instance:TestNG.Flipkart_AddToCart@56620197]" started-at="2023-02-22T23:50:40 IST" name="launchTheBrowser" finished-at="2023-02-22T23:50:43 IST" duration-ms="2322" status="PASS">
          <params>
            <param index="0">
              <value>
                <![CDATA[Edge]]>
              </value>
            </param>
          </params>
          <reporter-output>
          </reporter-output>
        </test-method> <!-- launchTheBrowser -->
        <test-method is-config="true" signature="createPOMObject()[pri:0, instance:TestNG.Flipkart_AddToCart@56620197]" started-at="2023-02-22T23:50:56 IST" name="createPOMObject" finished-at="2023-02-22T23:51:00 IST" duration-ms="4616" status="PASS">
          <reporter-output>
          </reporter-output>
        </test-method> <!-- createPOMObject -->
        <test-method is-config="true" signature="searchTheProduct()[pri:0, instance:TestNG.Flipkart_AddToCart@56620197]" started-at="2023-02-22T23:51:00 IST" name="searchTheProduct" finished-at="2023-02-22T23:51:00 IST" duration-ms="160" status="PASS">
          <reporter-output>
          </reporter-output>
        </test-method> <!-- searchTheProduct -->
        <test-method signature="toAddToCartProduct()[pri:0, instance:TestNG.Flipkart_AddToCart@56620197]" started-at="2023-02-22T23:51:00 IST" name="toAddToCartProduct" finished-at="2023-02-22T23:51:06 IST" duration-ms="5471" status="PASS">
          <reporter-output>
          </reporter-output>
        </test-method> <!-- toAddToCartProduct -->
        <test-method is-config="true" signature="afterMethod()[pri:0, instance:TestNG.Flipkart_AddToCart@56620197]" started-at="2023-02-22T23:51:06 IST" name="afterMethod" finished-at="2023-02-22T23:51:06 IST" duration-ms="62" status="PASS">
          <reporter-output>
          </reporter-output>
        </test-method> <!-- afterMethod -->
        <test-method is-config="true" signature="closeTheBrowser()[pri:0, instance:TestNG.Flipkart_AddToCart@56620197]" started-at="2023-02-22T23:51:06 IST" name="closeTheBrowser" finished-at="2023-02-22T23:51:06 IST" duration-ms="295" status="PASS">
          <reporter-output>
          </reporter-output>
        </test-method> <!-- closeTheBrowser -->
        <test-method is-config="true" signature="clearPOMObject()[pri:0, instance:TestNG.Flipkart_AddToCart@56620197]" started-at="2023-02-22T23:51:06 IST" name="clearPOMObject" finished-at="2023-02-22T23:51:06 IST" duration-ms="0" status="PASS">
          <reporter-output>
          </reporter-output>
        </test-method> <!-- clearPOMObject -->
      </class> <!-- TestNG.Flipkart_AddToCart -->
      <class name="TestNG.TestNGClass_Flipkart_BuyNow">
        <test-method is-config="true" signature="launchTheBrowser(java.lang.String)[pri:0, instance:TestNG.TestNGClass_Flipkart_BuyNow@393671df]" started-at="2023-02-22T23:50:43 IST" name="launchTheBrowser" finished-at="2023-02-22T23:50:45 IST" duration-ms="2369" status="PASS">
          <params>
            <param index="0">
              <value>
                <![CDATA[Edge]]>
              </value>
            </param>
          </params>
          <reporter-output>
          </reporter-output>
        </test-method> <!-- launchTheBrowser -->
        <test-method is-config="true" signature="createPOMObject()[pri:0, instance:TestNG.TestNGClass_Flipkart_BuyNow@393671df]" started-at="2023-02-22T23:50:45 IST" name="createPOMObject" finished-at="2023-02-22T23:50:50 IST" duration-ms="5329" status="PASS">
          <reporter-output>
          </reporter-output>
        </test-method> <!-- createPOMObject -->
        <test-method is-config="true" signature="searchTheProduct()[pri:0, instance:TestNG.TestNGClass_Flipkart_BuyNow@393671df]" started-at="2023-02-22T23:50:50 IST" name="searchTheProduct" finished-at="2023-02-22T23:50:51 IST" duration-ms="365" status="PASS">
          <reporter-output>
          </reporter-output>
        </test-method> <!-- searchTheProduct -->
        <test-method signature="toBuyTheProduct()[pri:0, instance:TestNG.TestNGClass_Flipkart_BuyNow@393671df]" started-at="2023-02-22T23:50:51 IST" name="toBuyTheProduct" finished-at="2023-02-22T23:50:55 IST" duration-ms="4796" status="PASS">
          <reporter-output>
          </reporter-output>
        </test-method> <!-- toBuyTheProduct -->
        <test-method is-config="true" signature="afterMethod()[pri:0, instance:TestNG.TestNGClass_Flipkart_BuyNow@393671df]" started-at="2023-02-22T23:50:55 IST" name="afterMethod" finished-at="2023-02-22T23:50:56 IST" duration-ms="75" status="PASS">
          <reporter-output>
          </reporter-output>
        </test-method> <!-- afterMethod -->
        <test-method is-config="true" signature="clearPOMObject()[pri:0, instance:TestNG.TestNGClass_Flipkart_BuyNow@393671df]" started-at="2023-02-22T23:50:56 IST" name="clearPOMObject" finished-at="2023-02-22T23:50:56 IST" duration-ms="0" status="PASS">
          <reporter-output>
          </reporter-output>
        </test-method> <!-- clearPOMObject -->
        <test-method is-config="true" signature="closeTheBrowser()[pri:0, instance:TestNG.TestNGClass_Flipkart_BuyNow@393671df]" started-at="2023-02-22T23:51:06 IST" name="closeTheBrowser" finished-at="2023-02-22T23:51:06 IST" duration-ms="359" status="PASS">
          <reporter-output>
          </reporter-output>
        </test-method> <!-- closeTheBrowser -->
      </class> <!-- TestNG.TestNGClass_Flipkart_BuyNow -->
    </test> <!-- EdgeTest -->
  </suite> <!-- Suite002 -->
</testng-results>
