<?xml version="1.0" encoding="UTF-8"?>
<!-- Generated by org.testng.reporters.JUnitXMLReporter -->
<testsuite ignored="0" hostname="LAPTOP-5738PF4F" failures="0" tests="2" name="ChromeTest" time="10.633" errors="0" timestamp="2023-02-10T22:45:21 IST">
  <testcase classname="TestNG.TestNGClass_Flipkart_BuyNow" name="@BeforeClass createPOMObject" time="6.52">
    <failure type="java.lang.IndexOutOfBoundsException" message="Index 1 out of bounds for length 1">
      <![CDATA[java.lang.IndexOutOfBoundsException: Index 1 out of bounds for length 1
at java.base/jdk.internal.util.Preconditions.outOfBounds(Preconditions.java:100)
at java.base/jdk.internal.util.Preconditions.outOfBoundsCheckIndex(Preconditions.java:106)
at java.base/jdk.internal.util.Preconditions.checkIndex(Preconditions.java:302)
at java.base/java.util.Objects.checkIndex(Objects.java:359)
at java.base/java.util.ArrayList.get(ArrayList.java:427)
at Flipkart_POM_Classes.ProductDetailsPage.<init>(ProductDetailsPage.java:32)
at TestNG.TestNGClass_Flipkart_BuyNow.createPOMObject(TestNGClass_Flipkart_BuyNow.java:46)
at java.base/java.util.ArrayList.forEach(ArrayList.java:1511)
... Removed 23 stack frames]]>
    </failure>
  </testcase> <!-- @BeforeClass createPOMObject -->
  <testcase classname="TestNG.TestNGClass_Flipkart_BuyNow" name="@BeforeMethod searchTheProduct" time="-1.676049319158E9">
    <skipped/>
  </testcase> <!-- @BeforeMethod searchTheProduct -->
  <testcase classname="TestNG.TestNGClass_Flipkart_BuyNow" name="@AfterMethod afterMethod" time="-1.676049319165E9">
    <skipped/>
  </testcase> <!-- @AfterMethod afterMethod -->
  <testcase classname="TestNG.TestNGClass_Flipkart_BuyNow" name="@AfterClass clearPOMObject" time="-1.676049319167E9">
    <skipped/>
  </testcase> <!-- @AfterClass clearPOMObject -->
  <testcase classname="TestNG.Flipkart_AddToCart" name="@BeforeClass createPOMObject" time="2.502">
    <failure type="java.lang.IndexOutOfBoundsException" message="Index 1 out of bounds for length 1">
      <![CDATA[java.lang.IndexOutOfBoundsException: Index 1 out of bounds for length 1
at java.base/jdk.internal.util.Preconditions.outOfBounds(Preconditions.java:100)
at java.base/jdk.internal.util.Preconditions.outOfBoundsCheckIndex(Preconditions.java:106)
at java.base/jdk.internal.util.Preconditions.checkIndex(Preconditions.java:302)
at java.base/java.util.Objects.checkIndex(Objects.java:359)
at java.base/java.util.ArrayList.get(ArrayList.java:427)
at Flipkart_POM_Classes.ProductDetailsPage.<init>(ProductDetailsPage.java:32)
at TestNG.Flipkart_AddToCart.createPOMObject(Flipkart_AddToCart.java:45)
at java.base/java.util.ArrayList.forEach(ArrayList.java:1511)
... Removed 23 stack frames]]>
    </failure>
  </testcase> <!-- @BeforeClass createPOMObject -->
  <testcase classname="TestNG.Flipkart_AddToCart" name="@BeforeMethod searchTheProduct" time="-1.676049321674E9">
    <skipped/>
  </testcase> <!-- @BeforeMethod searchTheProduct -->
  <testcase classname="TestNG.Flipkart_AddToCart" name="@AfterMethod afterMethod" time="-1.676049321678E9">
    <skipped/>
  </testcase> <!-- @AfterMethod afterMethod -->
  <testcase classname="TestNG.Flipkart_AddToCart" name="@AfterClass clearPOMObject" time="-1.676049321679E9">
    <skipped/>
  </testcase> <!-- @AfterClass clearPOMObject -->
  <testcase classname="TestNG.Flipkart_AddToCart" name="@AfterTest closeTheBrowser" time="-1.67604932168E9">
    <skipped/>
  </testcase> <!-- @AfterTest closeTheBrowser -->
  <testcase classname="TestNG.TestNGClass_Flipkart_BuyNow" name="@AfterTest closeTheBrowser" time="-1.676049321681E9">
    <skipped/>
  </testcase> <!-- @AfterTest closeTheBrowser -->
  <testcase classname="TestNG.TestNGClass_Flipkart_BuyNow" name="toBuyTheProduct" time="0.0">
    <skipped/>
  </testcase> <!-- toBuyTheProduct -->
  <testcase classname="TestNG.Flipkart_AddToCart" name="toAddToCartProduct" time="0.0">
    <skipped/>
  </testcase> <!-- toAddToCartProduct -->
</testsuite> <!-- ChromeTest -->
