<?xml version="1.0" encoding="UTF-8"?>
<!-- Generated by org.testng.reporters.JUnitXMLReporter -->
<testsuite ignored="0" hostname="LAPTOP-5738PF4F" failures="0" tests="2" name="Test2" time="0.108" errors="0" timestamp="2023-02-11T21:59:31 IST">
  <testcase classname="TestNG.Flipkart_AddToCart" name="@BeforeTest launchTheBrowser" time="-1.676132971449E9">
    <failure type="org.testng.TestNGException" message="
Parameter &amp;apos;browser&amp;apos; is required by BeforeTest on method launchTheBrowser but has not been marked @Optional or defined
in C:\Users\AKASH\eclipse-workspace\Flipkart\Flipkart.xml">
      <![CDATA[org.testng.TestNGException: 
Parameter 'browser' is required by BeforeTest on method launchTheBrowser but has not been marked @Optional or defined
in C:\Users\AKASH\eclipse-workspace\Flipkart\Flipkart.xml
... Removed 21 stack frames]]>
    </failure>
  </testcase> <!-- @BeforeTest launchTheBrowser -->
  <testcase classname="TestNG.TestNGClass_Flipkart_BuyNow" name="@BeforeTest launchTheBrowser" time="-1.676132971463E9">
    <skipped/>
  </testcase> <!-- @BeforeTest launchTheBrowser -->
  <testcase classname="TestNG.TestNGClass_Flipkart_BuyNow" name="@BeforeClass createPOMObject" time="-1.676132971508E9">
    <skipped/>
  </testcase> <!-- @BeforeClass createPOMObject -->
  <testcase classname="TestNG.TestNGClass_Flipkart_BuyNow" name="@BeforeMethod searchTheProduct" time="-1.67613297153E9">
    <skipped/>
  </testcase> <!-- @BeforeMethod searchTheProduct -->
  <testcase classname="TestNG.TestNGClass_Flipkart_BuyNow" name="@AfterMethod afterMethod" time="-1.676132971537E9">
    <skipped/>
  </testcase> <!-- @AfterMethod afterMethod -->
  <testcase classname="TestNG.TestNGClass_Flipkart_BuyNow" name="@AfterClass clearPOMObject" time="-1.676132971539E9">
    <skipped/>
  </testcase> <!-- @AfterClass clearPOMObject -->
  <testcase classname="TestNG.Flipkart_AddToCart" name="@BeforeClass createPOMObject" time="-1.676132971541E9">
    <skipped/>
  </testcase> <!-- @BeforeClass createPOMObject -->
  <testcase classname="TestNG.Flipkart_AddToCart" name="@BeforeMethod searchTheProduct" time="-1.676132971542E9">
    <skipped/>
  </testcase> <!-- @BeforeMethod searchTheProduct -->
  <testcase classname="TestNG.Flipkart_AddToCart" name="@AfterMethod afterMethod" time="-1.67613297155E9">
    <skipped/>
  </testcase> <!-- @AfterMethod afterMethod -->
  <testcase classname="TestNG.Flipkart_AddToCart" name="@AfterClass clearPOMObject" time="-1.676132971551E9">
    <skipped/>
  </testcase> <!-- @AfterClass clearPOMObject -->
  <testcase classname="TestNG.Flipkart_AddToCart" name="@AfterTest closeTheBrowser" time="-1.676132971552E9">
    <skipped/>
  </testcase> <!-- @AfterTest closeTheBrowser -->
  <testcase classname="TestNG.TestNGClass_Flipkart_BuyNow" name="@AfterTest closeTheBrowser" time="-1.676132971553E9">
    <skipped/>
  </testcase> <!-- @AfterTest closeTheBrowser -->
  <testcase classname="TestNG.TestNGClass_Flipkart_BuyNow" name="toBuyTheProduct" time="0.0">
    <skipped/>
  </testcase> <!-- toBuyTheProduct -->
  <testcase classname="TestNG.Flipkart_AddToCart" name="toAddToCartProduct" time="0.0">
    <skipped/>
  </testcase> <!-- toAddToCartProduct -->
</testsuite> <!-- Test2 -->
